2024-05-03 06:04:01,464:DEBUG:certbot._internal.main:certbot version: 2.10.0
2024-05-03 06:04:01,464:DEBUG:certbot._internal.main:Location of certbot entry point: /usr/local/bin/certbot
2024-05-03 06:04:01,464:DEBUG:certbot._internal.main:Arguments: ['--webroot', '--email', 'leroykayanda@gmail.com', '--agree-tos', '--no-eff-email', '--webroot-path=/data/letsencrypt', '-d', 'le.azure.rentrahisi.co.ke', '-d', 'www.le.azure.rentrahisi.co.ke']
2024-05-03 06:04:01,464:DEBUG:certbot._internal.main:Discovered plugins: PluginsRegistry(PluginEntryPoint#manual,PluginEntryPoint#null,PluginEntryPoint#standalone,PluginEntryPoint#webroot)
2024-05-03 06:04:01,483:DEBUG:certbot._internal.log:Root logging level set at 30
2024-05-03 06:04:01,491:DEBUG:certbot._internal.plugins.selection:Requested authenticator webroot and installer None
2024-05-03 06:04:01,492:DEBUG:certbot._internal.plugins.selection:Single candidate plugin: * webroot
Description: Saves the necessary validation files to a .well-known/acme-challenge/ directory within the nominated webroot path. A seperate HTTP server must be running and serving files from the webroot path. HTTP challenge only (wildcards not supported).
Interfaces: Authenticator, Plugin
Entry point: EntryPoint(name='webroot', value='certbot._internal.plugins.webroot:Authenticator', group='certbot.plugins')
Initialized: <certbot._internal.plugins.webroot.Authenticator object at 0x7f196a002300>
Prep: True
2024-05-03 06:04:01,492:DEBUG:certbot._internal.plugins.selection:Selected authenticator <certbot._internal.plugins.webroot.Authenticator object at 0x7f196a002300> and installer None
2024-05-03 06:04:01,492:INFO:certbot._internal.plugins.selection:Plugins selected: Authenticator webroot, Installer None
2024-05-03 06:04:01,644:DEBUG:acme.client:Sending GET request to https://acme-v02.api.letsencrypt.org/directory.
2024-05-03 06:04:01,647:DEBUG:urllib3.connectionpool:Starting new HTTPS connection (1): acme-v02.api.letsencrypt.org:443
2024-05-03 06:04:02,491:DEBUG:urllib3.connectionpool:https://acme-v02.api.letsencrypt.org:443 "GET /directory HTTP/1.1" 200 747
2024-05-03 06:04:02,492:DEBUG:acme.client:Received response:
HTTP 200
Server: nginx
Date: Fri, 03 May 2024 06:04:02 GMT
Content-Type: application/json
Content-Length: 747
Connection: keep-alive
Cache-Control: public, max-age=0, no-cache
X-Frame-Options: DENY
Strict-Transport-Security: max-age=604800

{
  "j2W8FKfmJ44": "https://community.letsencrypt.org/t/adding-random-entries-to-the-directory/33417",
  "keyChange": "https://acme-v02.api.letsencrypt.org/acme/key-change",
  "meta": {
    "caaIdentities": [
      "letsencrypt.org"
    ],
    "termsOfService": "https://letsencrypt.org/documents/LE-SA-v1.4-April-3-2024.pdf",
    "website": "https://letsencrypt.org"
  },
  "newAccount": "https://acme-v02.api.letsencrypt.org/acme/new-acct",
  "newNonce": "https://acme-v02.api.letsencrypt.org/acme/new-nonce",
  "newOrder": "https://acme-v02.api.letsencrypt.org/acme/new-order",
  "renewalInfo": "https://acme-v02.api.letsencrypt.org/draft-ietf-acme-ari-02/renewalInfo/",
  "revokeCert": "https://acme-v02.api.letsencrypt.org/acme/revoke-cert"
}
2024-05-03 06:04:02,493:DEBUG:acme.client:Requesting fresh nonce
2024-05-03 06:04:02,493:DEBUG:acme.client:Sending HEAD request to https://acme-v02.api.letsencrypt.org/acme/new-nonce.
2024-05-03 06:04:02,772:DEBUG:urllib3.connectionpool:https://acme-v02.api.letsencrypt.org:443 "HEAD /acme/new-nonce HTTP/1.1" 200 0
2024-05-03 06:04:02,773:DEBUG:acme.client:Received response:
HTTP 200
Server: nginx
Date: Fri, 03 May 2024 06:04:02 GMT
Connection: keep-alive
Cache-Control: public, max-age=0, no-cache
Link: <https://acme-v02.api.letsencrypt.org/directory>;rel="index"
Replay-Nonce: R8tUGx_ZYDeCMkkHIYxw6RDsqDSwcvs0aWiO8dG5s6WRZYpVeIg
X-Frame-Options: DENY
Strict-Transport-Security: max-age=604800


2024-05-03 06:04:02,773:DEBUG:acme.client:Storing nonce: R8tUGx_ZYDeCMkkHIYxw6RDsqDSwcvs0aWiO8dG5s6WRZYpVeIg
2024-05-03 06:04:02,774:DEBUG:acme.client:JWS payload:
b'{\n  "contact": [\n    "mailto:leroykayanda@gmail.com"\n  ],\n  "termsOfServiceAgreed": true\n}'
2024-05-03 06:04:02,778:DEBUG:acme.client:Sending POST request to https://acme-v02.api.letsencrypt.org/acme/new-acct:
{
  "protected": "eyJhbGciOiAiUlMyNTYiLCAiandrIjogeyJuIjogIm9peU5RVkNXX0JkdFF4X0k5NlJfQmRxaEg5T3hpTS00N2tkaDhSTVlkd0FQd25KN0dENC1DNk9sOThWZnR6djMtWWd0TTVzcUNNX003RDdkUHM1QzNHdHdUdTllWXJpTWx5enR3MF85MzNIWnNXSlc2dlZJLWRDZFpqSVB3T0Z1UW9FOFdfcXVOVDFTeGNydmtpSU9pMlg0eWdIeHNjS1FWR1l2anZQekRaaF9ZMWtqMEFpalB3TFBLOWJfWEpPdUVSRmxMdHFNb1FGUGpOU09xa1Ria25uYkpHX3Rnbl9DbnMzWnBOOTRsMDF1X3NPTkk2d25ld2pxalp6b3lOMndWdzBRT2VxYXNEN19nTjUySDhsTEJlTWRBemdYVEJ5Q3pyeGx0RjJkS3ZudVJJVk0zVDlQcFJnQVNnMm9sR1pFRkt6N1J5LUdJZWRyekVsTWJCSDg3USIsICJlIjogIkFRQUIiLCAia3R5IjogIlJTQSJ9LCAibm9uY2UiOiAiUjh0VUd4X1pZRGVDTWtrSElZeHc2UkRzcURTd2N2czBhV2lPOGRHNXM2V1JaWXBWZUlnIiwgInVybCI6ICJodHRwczovL2FjbWUtdjAyLmFwaS5sZXRzZW5jcnlwdC5vcmcvYWNtZS9uZXctYWNjdCJ9",
  "signature": "D0JAJaK_NPBkaEfe6plXIrhN-9T7nbXub35zWsGUb-CvrQf_3S4lD0B8ZujnN3hkezRIcL9uPMVLF8MDIO72JsLZUb_LLwUtA0Fr44Cxll__Iumlh78s6g1onbUtw8P0Vl0gpyvdRTrbF_-vMnzN9f6jtD-KdukmypZ1550DQftRvgZvBN4NYqUazqQVSJ63xjPq6hVQf5F8kSeOuOuBNRR4USk6E9tNV4CeSu92vL1zAiKUE8qVGCpVbT6a7cxVRjTPKudnoxy6y7m7PKu1qXya6A-eIeNMGCPbKduikizt4IcrKRGMKqw-M_3jPmYNdua_ATiDuOz3nJd8K6FnGA",
  "payload": "ewogICJjb250YWN0IjogWwogICAgIm1haWx0bzpsZXJveWtheWFuZGFAZ21haWwuY29tIgogIF0sCiAgInRlcm1zT2ZTZXJ2aWNlQWdyZWVkIjogdHJ1ZQp9"
}
2024-05-03 06:04:03,070:DEBUG:urllib3.connectionpool:https://acme-v02.api.letsencrypt.org:443 "POST /acme/new-acct HTTP/1.1" 201 563
2024-05-03 06:04:03,070:DEBUG:acme.client:Received response:
HTTP 201
Server: nginx
Date: Fri, 03 May 2024 06:04:02 GMT
Content-Type: application/json
Content-Length: 563
Connection: keep-alive
Boulder-Requester: 1706201477
Cache-Control: public, max-age=0, no-cache
Link: <https://acme-v02.api.letsencrypt.org/directory>;rel="index", <https://letsencrypt.org/documents/LE-SA-v1.4-April-3-2024.pdf>;rel="terms-of-service"
Location: https://acme-v02.api.letsencrypt.org/acme/acct/1706201477
Replay-Nonce: R8tUGx_ZUjWpv_QDkUd13KqID1PndU_wt1DlvG0cRrbsYakBk_U
X-Frame-Options: DENY
Strict-Transport-Security: max-age=604800

{
  "key": {
    "kty": "RSA",
    "n": "oiyNQVCW_BdtQx_I96R_BdqhH9OxiM-47kdh8RMYdwAPwnJ7GD4-C6Ol98Vftzv3-YgtM5sqCM_M7D7dPs5C3GtwTu9eYriMlyztw0_933HZsWJW6vVI-dCdZjIPwOFuQoE8W_quNT1SxcrvkiIOi2X4ygHxscKQVGYvjvPzDZh_Y1kj0AijPwLPK9b_XJOuERFlLtqMoQFPjNSOqkTbknnbJG_tgn_Cns3ZpN94l01u_sONI6wnewjqjZzoyN2wVw0QOeqasD7_gN52H8lLBeMdAzgXTByCzrxltF2dKvnuRIVM3T9PpRgASg2olGZEFKz7Ry-GIedrzElMbBH87Q",
    "e": "AQAB"
  },
  "contact": [
    "mailto:leroykayanda@gmail.com"
  ],
  "initialIp": "20.33.10.69",
  "createdAt": "2024-05-03T06:04:02.943540269Z",
  "status": "valid"
}
2024-05-03 06:04:03,070:DEBUG:acme.client:Storing nonce: R8tUGx_ZUjWpv_QDkUd13KqID1PndU_wt1DlvG0cRrbsYakBk_U
2024-05-03 06:04:03,073:DEBUG:certbot._internal.display.obj:Notifying user: Account registered.
2024-05-03 06:04:03,074:DEBUG:certbot._internal.main:Picked account: <Account(RegistrationResource(body=Registration(key=JWKRSA(key=<ComparableRSAKey(<cryptography.hazmat.bindings._rust.openssl.rsa.RSAPublicKey object at 0x7f1969a184d0>)>), contact=('mailto:leroykayanda@gmail.com',), agreement=None, status='valid', terms_of_service_agreed=None, only_return_existing=None, external_account_binding=None), uri='https://acme-v02.api.letsencrypt.org/acme/acct/1706201477', new_authzr_uri=None, terms_of_service='https://letsencrypt.org/documents/LE-SA-v1.4-April-3-2024.pdf'), ebda5dcbd2d0ed4fc885c13a049435b8, Meta(creation_dt=datetime.datetime(2024, 5, 3, 6, 4, 3, tzinfo=<UTC>), creation_host='6e07805d6c6d', register_to_eff=None))>
2024-05-03 06:04:03,092:DEBUG:urllib3.connectionpool:Starting new HTTP connection (1): stg-e1.o.lencr.org:80
2024-05-03 06:04:04,436:DEBUG:urllib3.connectionpool:http://stg-e1.o.lencr.org:80 "POST / HTTP/1.1" 200 380
2024-05-03 06:04:04,437:DEBUG:certbot.ocsp:OCSP response for certificate /etc/letsencrypt/archive/le.azure.rentrahisi.co.ke/cert1.pem is signed by the certificate's issuer.
2024-05-03 06:04:04,439:DEBUG:certbot.ocsp:OCSP certificate status for /etc/letsencrypt/archive/le.azure.rentrahisi.co.ke/cert1.pem is: OCSPCertStatus.GOOD
2024-05-03 06:04:04,442:DEBUG:certbot._internal.display.obj:Notifying user: Certificate not yet due for renewal
2024-05-03 06:04:47,966:DEBUG:certbot._internal.display.obj:Notifying user: Renewing an existing certificate for le.azure.rentrahisi.co.ke and www.le.azure.rentrahisi.co.ke
2024-05-03 06:04:47,969:DEBUG:acme.client:JWS payload:
b'{\n  "identifiers": [\n    {\n      "type": "dns",\n      "value": "le.azure.rentrahisi.co.ke"\n    },\n    {\n      "type": "dns",\n      "value": "www.le.azure.rentrahisi.co.ke"\n    }\n  ]\n}'
2024-05-03 06:04:47,972:DEBUG:acme.client:Sending POST request to https://acme-v02.api.letsencrypt.org/acme/new-order:
{
  "protected": "eyJhbGciOiAiUlMyNTYiLCAia2lkIjogImh0dHBzOi8vYWNtZS12MDIuYXBpLmxldHNlbmNyeXB0Lm9yZy9hY21lL2FjY3QvMTcwNjIwMTQ3NyIsICJub25jZSI6ICJSOHRVR3hfWlVqV3B2X1FEa1VkMTNLcUlEMVBuZFVfd3QxRGx2RzBjUnJic1lha0JrX1UiLCAidXJsIjogImh0dHBzOi8vYWNtZS12MDIuYXBpLmxldHNlbmNyeXB0Lm9yZy9hY21lL25ldy1vcmRlciJ9",
  "signature": "gsK-luuVqKiBfilNh_DES2TTxft5_U08EOsgJ5yUSFbsZAR9fhRqjcb3Y1L3NyaWMec2eh7KwDhQ7nLIcPsPuYue2pKtdUFTm-iinkn2JTMM2vQ-46oTtlLqxg0_1_9yfU9y47p0XLEXeWTbrq8gqxYhK3Cw_oRa6R5B9YYG4CUQVMRB7tOnV_eXeVQxqMh6HLXsLwtbF_ycURKWG-Dr8_32ryUOF5rIQ2ezcNC5gptrOrdTGwXMgWFQFUCtMjEMbcji0YJ69fHCmjKedf0LF_LWlTl-i5wAWIurPIaminQPpACjf4cMKy-xESk0n60biz3BEvMqfs_SJL4wQxmMAw",
  "payload": "ewogICJpZGVudGlmaWVycyI6IFsKICAgIHsKICAgICAgInR5cGUiOiAiZG5zIiwKICAgICAgInZhbHVlIjogImxlLmF6dXJlLnJlbnRyYWhpc2kuY28ua2UiCiAgICB9LAogICAgewogICAgICAidHlwZSI6ICJkbnMiLAogICAgICAidmFsdWUiOiAid3d3LmxlLmF6dXJlLnJlbnRyYWhpc2kuY28ua2UiCiAgICB9CiAgXQp9"
}
2024-05-03 06:04:48,306:DEBUG:urllib3.connectionpool:https://acme-v02.api.letsencrypt.org:443 "POST /acme/new-order HTTP/1.1" 201 503
2024-05-03 06:04:48,307:DEBUG:acme.client:Received response:
HTTP 201
Server: nginx
Date: Fri, 03 May 2024 06:04:48 GMT
Content-Type: application/json
Content-Length: 503
Connection: keep-alive
Boulder-Requester: 1706201477
Cache-Control: public, max-age=0, no-cache
Link: <https://acme-v02.api.letsencrypt.org/directory>;rel="index"
Location: https://acme-v02.api.letsencrypt.org/acme/order/1706201477/266169507767
Replay-Nonce: Gy4YNW4q5JwOmOYlT8kEWZgld6Usjy4AOHdjcPJFc-MmWVh7ABo
X-Frame-Options: DENY
Strict-Transport-Security: max-age=604800

{
  "status": "pending",
  "expires": "2024-05-10T06:04:48Z",
  "identifiers": [
    {
      "type": "dns",
      "value": "le.azure.rentrahisi.co.ke"
    },
    {
      "type": "dns",
      "value": "www.le.azure.rentrahisi.co.ke"
    }
  ],
  "authorizations": [
    "https://acme-v02.api.letsencrypt.org/acme/authz-v3/346066003547",
    "https://acme-v02.api.letsencrypt.org/acme/authz-v3/346066003557"
  ],
  "finalize": "https://acme-v02.api.letsencrypt.org/acme/finalize/1706201477/266169507767"
}
2024-05-03 06:04:48,307:DEBUG:acme.client:Storing nonce: Gy4YNW4q5JwOmOYlT8kEWZgld6Usjy4AOHdjcPJFc-MmWVh7ABo
2024-05-03 06:04:48,307:DEBUG:acme.client:JWS payload:
b''
2024-05-03 06:04:48,309:DEBUG:acme.client:Sending POST request to https://acme-v02.api.letsencrypt.org/acme/authz-v3/346066003547:
{
  "protected": "eyJhbGciOiAiUlMyNTYiLCAia2lkIjogImh0dHBzOi8vYWNtZS12MDIuYXBpLmxldHNlbmNyeXB0Lm9yZy9hY21lL2FjY3QvMTcwNjIwMTQ3NyIsICJub25jZSI6ICJHeTRZTlc0cTVKd09tT1lsVDhrRVdaZ2xkNlVzank0QU9IZGpjUEpGYy1NbVdWaDdBQm8iLCAidXJsIjogImh0dHBzOi8vYWNtZS12MDIuYXBpLmxldHNlbmNyeXB0Lm9yZy9hY21lL2F1dGh6LXYzLzM0NjA2NjAwMzU0NyJ9",
  "signature": "UGPaYGuCgBjR4HFKrVj-PDwIorXIeZ4bia4w7bsRNQas_0jr7WjnCX5flGV89pSFazWmXWAxrEwYvwrwoECHrKRYpP9dyWqT_KeasP6j-YDV0JylgFN8ogzsWlAesEtMDUtIkA5gDhX3PwKortFcxfcf20Oxs2c55TMEBJpEcxljb3N75GPy9z3gLcm-5Gqy3wSrMHMfKWAKu9FwNXYM5d6Tkmh01AHo7m2Jks3fX6MkqHveEp2L-Q3rElJJvvRm-mcaoDyJ9-V0hFgLLbZYH1-wzudNy8pgYzwU2ZaK1a2zvA03ZttHBgs3XjWXErgH__bsR63umHl9nadq0i4zyw",
  "payload": ""
}
2024-05-03 06:04:48,592:DEBUG:urllib3.connectionpool:https://acme-v02.api.letsencrypt.org:443 "POST /acme/authz-v3/346066003547 HTTP/1.1" 200 809
2024-05-03 06:04:48,593:DEBUG:acme.client:Received response:
HTTP 200
Server: nginx
Date: Fri, 03 May 2024 06:04:48 GMT
Content-Type: application/json
Content-Length: 809
Connection: keep-alive
Boulder-Requester: 1706201477
Cache-Control: public, max-age=0, no-cache
Link: <https://acme-v02.api.letsencrypt.org/directory>;rel="index"
Replay-Nonce: R8tUGx_Z7SgLgKC5l5vW4s5CuNJC-N5bkNEqIiD0qp1vVBVpdNU
X-Frame-Options: DENY
Strict-Transport-Security: max-age=604800

{
  "identifier": {
    "type": "dns",
    "value": "le.azure.rentrahisi.co.ke"
  },
  "status": "pending",
  "expires": "2024-05-10T06:04:48Z",
  "challenges": [
    {
      "type": "http-01",
      "status": "pending",
      "url": "https://acme-v02.api.letsencrypt.org/acme/chall-v3/346066003547/nd8tbA",
      "token": "7Gcl42QRLePAVyBcq0zL-6Jr0ZU60ZN_RXExbMECDQU"
    },
    {
      "type": "dns-01",
      "status": "pending",
      "url": "https://acme-v02.api.letsencrypt.org/acme/chall-v3/346066003547/V7qYtQ",
      "token": "7Gcl42QRLePAVyBcq0zL-6Jr0ZU60ZN_RXExbMECDQU"
    },
    {
      "type": "tls-alpn-01",
      "status": "pending",
      "url": "https://acme-v02.api.letsencrypt.org/acme/chall-v3/346066003547/H4AtwQ",
      "token": "7Gcl42QRLePAVyBcq0zL-6Jr0ZU60ZN_RXExbMECDQU"
    }
  ]
}
2024-05-03 06:04:48,593:DEBUG:acme.client:Storing nonce: R8tUGx_Z7SgLgKC5l5vW4s5CuNJC-N5bkNEqIiD0qp1vVBVpdNU
2024-05-03 06:04:48,593:DEBUG:acme.client:JWS payload:
b''
2024-05-03 06:04:48,595:DEBUG:acme.client:Sending POST request to https://acme-v02.api.letsencrypt.org/acme/authz-v3/346066003557:
{
  "protected": "eyJhbGciOiAiUlMyNTYiLCAia2lkIjogImh0dHBzOi8vYWNtZS12MDIuYXBpLmxldHNlbmNyeXB0Lm9yZy9hY21lL2FjY3QvMTcwNjIwMTQ3NyIsICJub25jZSI6ICJSOHRVR3hfWjdTZ0xnS0M1bDV2VzRzNUN1TkpDLU41YmtORXFJaUQwcXAxdlZCVnBkTlUiLCAidXJsIjogImh0dHBzOi8vYWNtZS12MDIuYXBpLmxldHNlbmNyeXB0Lm9yZy9hY21lL2F1dGh6LXYzLzM0NjA2NjAwMzU1NyJ9",
  "signature": "AjrsyjaW4CMYN_at3Th8zMrXEUe4Mg6pi_PgQfUrhlgPY9yKcZPQLKsSsdhEpLi7vg8TQNFLauz1JS49p4ee9Ix5WjNzsGA8D2ndx95Jcr3heBPUu0O6tRst3Uq1aGb5nBA4Bee9b6GHpdrxmTL_XsByG3fl3U3v2Lh8D-xyoQw-7Q3u_smeAlsrrN9OE-UviHMAey0H6NDTG2ddkssRDxCd6A5jqJJ6aKoGldj51XotmWLTe2VVjoVgUXxObGaRK9kUH6IoGkbT0hSlp_0ykj5XMk1GqRQsa9dlgKtDnf3xh7ebfOTITbDJ2xj5C97k-otD8dnGrYfFuSCVTP3SyA",
  "payload": ""
}
2024-05-03 06:04:48,879:DEBUG:urllib3.connectionpool:https://acme-v02.api.letsencrypt.org:443 "POST /acme/authz-v3/346066003557 HTTP/1.1" 200 813
2024-05-03 06:04:48,879:DEBUG:acme.client:Received response:
HTTP 200
Server: nginx
Date: Fri, 03 May 2024 06:04:48 GMT
Content-Type: application/json
Content-Length: 813
Connection: keep-alive
Boulder-Requester: 1706201477
Cache-Control: public, max-age=0, no-cache
Link: <https://acme-v02.api.letsencrypt.org/directory>;rel="index"
Replay-Nonce: Gy4YNW4qvOsuBZpyoBrYBbDe3bWQw2v8D6I3NmarQ8sWMQ1Q95Y
X-Frame-Options: DENY
Strict-Transport-Security: max-age=604800

{
  "identifier": {
    "type": "dns",
    "value": "www.le.azure.rentrahisi.co.ke"
  },
  "status": "pending",
  "expires": "2024-05-10T06:04:48Z",
  "challenges": [
    {
      "type": "http-01",
      "status": "pending",
      "url": "https://acme-v02.api.letsencrypt.org/acme/chall-v3/346066003557/3CyUBQ",
      "token": "msOgYqxJ9hDugmUAj4v89MP5YzC_l3k4rVtcHfydO1w"
    },
    {
      "type": "dns-01",
      "status": "pending",
      "url": "https://acme-v02.api.letsencrypt.org/acme/chall-v3/346066003557/rbhDWQ",
      "token": "msOgYqxJ9hDugmUAj4v89MP5YzC_l3k4rVtcHfydO1w"
    },
    {
      "type": "tls-alpn-01",
      "status": "pending",
      "url": "https://acme-v02.api.letsencrypt.org/acme/chall-v3/346066003557/Erm3BA",
      "token": "msOgYqxJ9hDugmUAj4v89MP5YzC_l3k4rVtcHfydO1w"
    }
  ]
}
2024-05-03 06:04:48,880:DEBUG:acme.client:Storing nonce: Gy4YNW4qvOsuBZpyoBrYBbDe3bWQw2v8D6I3NmarQ8sWMQ1Q95Y
2024-05-03 06:04:48,880:INFO:certbot._internal.auth_handler:Performing the following challenges:
2024-05-03 06:04:48,880:INFO:certbot._internal.auth_handler:http-01 challenge for le.azure.rentrahisi.co.ke
2024-05-03 06:04:48,880:INFO:certbot._internal.auth_handler:http-01 challenge for www.le.azure.rentrahisi.co.ke
2024-05-03 06:04:48,881:INFO:certbot._internal.plugins.webroot:Using the webroot path /data/letsencrypt for all unmatched domains.
2024-05-03 06:04:48,881:DEBUG:certbot._internal.plugins.webroot:Creating root challenges validation dir at /data/letsencrypt/.well-known/acme-challenge
2024-05-03 06:04:48,881:DEBUG:certbot._internal.plugins.webroot:Creating root challenges validation dir at /data/letsencrypt/.well-known/acme-challenge
2024-05-03 06:04:48,882:DEBUG:certbot._internal.plugins.webroot:Attempting to save validation to /data/letsencrypt/.well-known/acme-challenge/7Gcl42QRLePAVyBcq0zL-6Jr0ZU60ZN_RXExbMECDQU
2024-05-03 06:04:48,883:DEBUG:certbot._internal.plugins.webroot:Attempting to save validation to /data/letsencrypt/.well-known/acme-challenge/msOgYqxJ9hDugmUAj4v89MP5YzC_l3k4rVtcHfydO1w
2024-05-03 06:04:48,883:DEBUG:acme.client:JWS payload:
b'{}'
2024-05-03 06:04:48,885:DEBUG:acme.client:Sending POST request to https://acme-v02.api.letsencrypt.org/acme/chall-v3/346066003547/nd8tbA:
{
  "protected": "eyJhbGciOiAiUlMyNTYiLCAia2lkIjogImh0dHBzOi8vYWNtZS12MDIuYXBpLmxldHNlbmNyeXB0Lm9yZy9hY21lL2FjY3QvMTcwNjIwMTQ3NyIsICJub25jZSI6ICJHeTRZTlc0cXZPc3VCWnB5b0JyWUJiRGUzYldRdzJ2OEQ2STNObWFyUThzV01RMVE5NVkiLCAidXJsIjogImh0dHBzOi8vYWNtZS12MDIuYXBpLmxldHNlbmNyeXB0Lm9yZy9hY21lL2NoYWxsLXYzLzM0NjA2NjAwMzU0Ny9uZDh0YkEifQ",
  "signature": "EiWpp-y3NrR2nnIBBgspDfg0KeQcP1c_Y38jqhZUwgbjk3EzbvvKzfe6haeYA9DPnOfJajXSWhVqyV1kaxr1f48bbikVWu_WEBmkAvzgK9qzd9chr8LWAaT6mklJJrbmD3fIPaud2OcGsGXmL4Dr3A6ZCyywDqcdKKDrUzH-YzPhPZ4WuubxhBDRQBcFE_LzEDvSy4UzX9YkRP3z5Sa9Eon10CR8Gt3Gbq4JY0rMFBaXtfIGZ77HC-0EATpbMjhQOitHp8xIakt75cV7FkHp0ukqAh9V36OGgYlcTfYFcLXjIIKXLl4BZxFnGn--mqhyiZ64dQKu9_ag4FyhA67K1A",
  "payload": "e30"
}
2024-05-03 06:04:49,174:DEBUG:urllib3.connectionpool:https://acme-v02.api.letsencrypt.org:443 "POST /acme/chall-v3/346066003547/nd8tbA HTTP/1.1" 200 187
2024-05-03 06:04:49,174:DEBUG:acme.client:Received response:
HTTP 200
Server: nginx
Date: Fri, 03 May 2024 06:04:49 GMT
Content-Type: application/json
Content-Length: 187
Connection: keep-alive
Boulder-Requester: 1706201477
Cache-Control: public, max-age=0, no-cache
Link: <https://acme-v02.api.letsencrypt.org/directory>;rel="index", <https://acme-v02.api.letsencrypt.org/acme/authz-v3/346066003547>;rel="up"
Location: https://acme-v02.api.letsencrypt.org/acme/chall-v3/346066003547/nd8tbA
Replay-Nonce: R8tUGx_ZQLcvwHK8l8dgD1FEyfag0wcrw6ohOYwCfWSVKZ0UW40
X-Frame-Options: DENY
Strict-Transport-Security: max-age=604800

{
  "type": "http-01",
  "status": "pending",
  "url": "https://acme-v02.api.letsencrypt.org/acme/chall-v3/346066003547/nd8tbA",
  "token": "7Gcl42QRLePAVyBcq0zL-6Jr0ZU60ZN_RXExbMECDQU"
}
2024-05-03 06:04:49,175:DEBUG:acme.client:Storing nonce: R8tUGx_ZQLcvwHK8l8dgD1FEyfag0wcrw6ohOYwCfWSVKZ0UW40
2024-05-03 06:04:49,175:DEBUG:acme.client:JWS payload:
b'{}'
2024-05-03 06:04:49,176:DEBUG:acme.client:Sending POST request to https://acme-v02.api.letsencrypt.org/acme/chall-v3/346066003557/3CyUBQ:
{
  "protected": "eyJhbGciOiAiUlMyNTYiLCAia2lkIjogImh0dHBzOi8vYWNtZS12MDIuYXBpLmxldHNlbmNyeXB0Lm9yZy9hY21lL2FjY3QvMTcwNjIwMTQ3NyIsICJub25jZSI6ICJSOHRVR3hfWlFMY3Z3SEs4bDhkZ0QxRkV5ZmFnMHdjcnc2b2hPWXdDZldTVktaMFVXNDAiLCAidXJsIjogImh0dHBzOi8vYWNtZS12MDIuYXBpLmxldHNlbmNyeXB0Lm9yZy9hY21lL2NoYWxsLXYzLzM0NjA2NjAwMzU1Ny8zQ3lVQlEifQ",
  "signature": "VOvWbXae0-Lb8XFGRmF_Fx_0x6V-Rf2vKNRNZrkVcOumeB0QLBw1LhsRFX2MKlyjLoTaO2tFc1c1VItFwqIIApCIvMF1VtdHYWox3pahQR9_xKw6Nx0NNJMN2DQa86SElEshbHnFCiESAfytIkHsjjMtzkzVRAyHBT4GPZAjIERdxJ9K5hhURVlLocxqguWyfF_N51-HCzxy-K5si4ute1YtSeXNq4kzPbhnbncnwutDH36G0OT69ZTVG41DONJrf2iUNnAZXLUJKC43We6UPfdCH-6VECdxFAT5ECmvtSj86Xlo2lasquzhE9mTXCuNRix9hbk-_YwPxSqBEkh3tQ",
  "payload": "e30"
}
2024-05-03 06:04:49,460:DEBUG:urllib3.connectionpool:https://acme-v02.api.letsencrypt.org:443 "POST /acme/chall-v3/346066003557/3CyUBQ HTTP/1.1" 200 187
2024-05-03 06:04:49,460:DEBUG:acme.client:Received response:
HTTP 200
Server: nginx
Date: Fri, 03 May 2024 06:04:49 GMT
Content-Type: application/json
Content-Length: 187
Connection: keep-alive
Boulder-Requester: 1706201477
Cache-Control: public, max-age=0, no-cache
Link: <https://acme-v02.api.letsencrypt.org/directory>;rel="index", <https://acme-v02.api.letsencrypt.org/acme/authz-v3/346066003557>;rel="up"
Location: https://acme-v02.api.letsencrypt.org/acme/chall-v3/346066003557/3CyUBQ
Replay-Nonce: R8tUGx_ZSxAxr0hnscspN9sgzs23B5DKdiXUyzCU6ARHcFXia0U
X-Frame-Options: DENY
Strict-Transport-Security: max-age=604800

{
  "type": "http-01",
  "status": "pending",
  "url": "https://acme-v02.api.letsencrypt.org/acme/chall-v3/346066003557/3CyUBQ",
  "token": "msOgYqxJ9hDugmUAj4v89MP5YzC_l3k4rVtcHfydO1w"
}
2024-05-03 06:04:49,461:DEBUG:acme.client:Storing nonce: R8tUGx_ZSxAxr0hnscspN9sgzs23B5DKdiXUyzCU6ARHcFXia0U
2024-05-03 06:04:49,461:INFO:certbot._internal.auth_handler:Waiting for verification...
2024-05-03 06:04:50,461:DEBUG:acme.client:JWS payload:
b''
2024-05-03 06:04:50,463:DEBUG:acme.client:Sending POST request to https://acme-v02.api.letsencrypt.org/acme/authz-v3/346066003547:
{
  "protected": "eyJhbGciOiAiUlMyNTYiLCAia2lkIjogImh0dHBzOi8vYWNtZS12MDIuYXBpLmxldHNlbmNyeXB0Lm9yZy9hY21lL2FjY3QvMTcwNjIwMTQ3NyIsICJub25jZSI6ICJSOHRVR3hfWlN4QXhyMGhuc2NzcE45c2d6czIzQjVES2RpWFV5ekNVNkFSSGNGWGlhMFUiLCAidXJsIjogImh0dHBzOi8vYWNtZS12MDIuYXBpLmxldHNlbmNyeXB0Lm9yZy9hY21lL2F1dGh6LXYzLzM0NjA2NjAwMzU0NyJ9",
  "signature": "N2chnUWZuxCcHUzmcxUmcim2cXwbjYAIaIBF8vXDHzrSPTlxytnGl88AR_Njb7uet2latryRXHiLIU2gqDL-apCJJh9wRc0GABUMHsXHO_atRhxAD6iH_XbXxLdfObmwwKK9FxHLsfT8PlCot5SV_mJNA8mDJezTCJrPbCJYKbpKa4tZbqK3EtUNk3eIjc0frA0k9eAYEg0YNd8XWtn2N1HQMGFZjFgg_YLana4dOhz75qhU2gpb2Z9vuP4vuS1Zl14aNHmds8EYWiZ_9nrWy3UWTErt0nEvXijIhz83El157vqJRYdBPR1fZRdAnBtVvuG7UTnguA2gIKLOnTTuVw",
  "payload": ""
}
2024-05-03 06:04:50,745:DEBUG:urllib3.connectionpool:https://acme-v02.api.letsencrypt.org:443 "POST /acme/authz-v3/346066003547 HTTP/1.1" 200 809
2024-05-03 06:04:50,746:DEBUG:acme.client:Received response:
HTTP 200
Server: nginx
Date: Fri, 03 May 2024 06:04:50 GMT
Content-Type: application/json
Content-Length: 809
Connection: keep-alive
Boulder-Requester: 1706201477
Cache-Control: public, max-age=0, no-cache
Link: <https://acme-v02.api.letsencrypt.org/directory>;rel="index"
Replay-Nonce: R8tUGx_ZBvG4a_-E8wyRvkm9jtlvaLxD1EjT5RS7t-c868wLMC4
X-Frame-Options: DENY
Strict-Transport-Security: max-age=604800

{
  "identifier": {
    "type": "dns",
    "value": "le.azure.rentrahisi.co.ke"
  },
  "status": "pending",
  "expires": "2024-05-10T06:04:48Z",
  "challenges": [
    {
      "type": "http-01",
      "status": "pending",
      "url": "https://acme-v02.api.letsencrypt.org/acme/chall-v3/346066003547/nd8tbA",
      "token": "7Gcl42QRLePAVyBcq0zL-6Jr0ZU60ZN_RXExbMECDQU"
    },
    {
      "type": "dns-01",
      "status": "pending",
      "url": "https://acme-v02.api.letsencrypt.org/acme/chall-v3/346066003547/V7qYtQ",
      "token": "7Gcl42QRLePAVyBcq0zL-6Jr0ZU60ZN_RXExbMECDQU"
    },
    {
      "type": "tls-alpn-01",
      "status": "pending",
      "url": "https://acme-v02.api.letsencrypt.org/acme/chall-v3/346066003547/H4AtwQ",
      "token": "7Gcl42QRLePAVyBcq0zL-6Jr0ZU60ZN_RXExbMECDQU"
    }
  ]
}
2024-05-03 06:04:50,746:DEBUG:acme.client:Storing nonce: R8tUGx_ZBvG4a_-E8wyRvkm9jtlvaLxD1EjT5RS7t-c868wLMC4
2024-05-03 06:04:50,746:DEBUG:acme.client:JWS payload:
b''
2024-05-03 06:04:50,748:DEBUG:acme.client:Sending POST request to https://acme-v02.api.letsencrypt.org/acme/authz-v3/346066003557:
{
  "protected": "eyJhbGciOiAiUlMyNTYiLCAia2lkIjogImh0dHBzOi8vYWNtZS12MDIuYXBpLmxldHNlbmNyeXB0Lm9yZy9hY21lL2FjY3QvMTcwNjIwMTQ3NyIsICJub25jZSI6ICJSOHRVR3hfWkJ2RzRhXy1FOHd5UnZrbTlqdGx2YUx4RDFFalQ1UlM3dC1jODY4d0xNQzQiLCAidXJsIjogImh0dHBzOi8vYWNtZS12MDIuYXBpLmxldHNlbmNyeXB0Lm9yZy9hY21lL2F1dGh6LXYzLzM0NjA2NjAwMzU1NyJ9",
  "signature": "GaVhC5iXBLSCa4rASFUaY-3r2F8BH8kYI_TQtbDgwUe8noTZRZ2FeN0tM7cA-5L7W8LLBDwEL5Qo9pOeaM00tDsJO-PFXrgIYSfSF33-XpnDVNcG15hspUHfCOC1xKK91csyOInQI6cXQVzrtDw3zm4sK_22iKZcDWIWLl6F2quX61l-26QqyNwEO4EJMbLLf-uOlWxU_YJzVZITE1pAWmwyhfm0l3p_FuMgRnrKd4JcG-fnc2N4aQHklZbm16TDhumz6XGsF5EDAPJol6wF2jN2REs2KJQ4_Lstl_v9nCuz50fiTjWYXroygFoaaW_V2Cj4dKKyb0IAbM4bfcKsKw",
  "payload": ""
}
2024-05-03 06:04:51,030:DEBUG:urllib3.connectionpool:https://acme-v02.api.letsencrypt.org:443 "POST /acme/authz-v3/346066003557 HTTP/1.1" 200 813
2024-05-03 06:04:51,030:DEBUG:acme.client:Received response:
HTTP 200
Server: nginx
Date: Fri, 03 May 2024 06:04:50 GMT
Content-Type: application/json
Content-Length: 813
Connection: keep-alive
Boulder-Requester: 1706201477
Cache-Control: public, max-age=0, no-cache
Link: <https://acme-v02.api.letsencrypt.org/directory>;rel="index"
Replay-Nonce: Gy4YNW4qHOIlu4g9CLbisEqZPwIFT6Vp-d1z_E9O50U7-rDXKSM
X-Frame-Options: DENY
Strict-Transport-Security: max-age=604800

{
  "identifier": {
    "type": "dns",
    "value": "www.le.azure.rentrahisi.co.ke"
  },
  "status": "pending",
  "expires": "2024-05-10T06:04:48Z",
  "challenges": [
    {
      "type": "http-01",
      "status": "pending",
      "url": "https://acme-v02.api.letsencrypt.org/acme/chall-v3/346066003557/3CyUBQ",
      "token": "msOgYqxJ9hDugmUAj4v89MP5YzC_l3k4rVtcHfydO1w"
    },
    {
      "type": "dns-01",
      "status": "pending",
      "url": "https://acme-v02.api.letsencrypt.org/acme/chall-v3/346066003557/rbhDWQ",
      "token": "msOgYqxJ9hDugmUAj4v89MP5YzC_l3k4rVtcHfydO1w"
    },
    {
      "type": "tls-alpn-01",
      "status": "pending",
      "url": "https://acme-v02.api.letsencrypt.org/acme/chall-v3/346066003557/Erm3BA",
      "token": "msOgYqxJ9hDugmUAj4v89MP5YzC_l3k4rVtcHfydO1w"
    }
  ]
}
2024-05-03 06:04:51,031:DEBUG:acme.client:Storing nonce: Gy4YNW4qHOIlu4g9CLbisEqZPwIFT6Vp-d1z_E9O50U7-rDXKSM
2024-05-03 06:04:54,031:DEBUG:acme.client:JWS payload:
b''
2024-05-03 06:04:54,033:DEBUG:acme.client:Sending POST request to https://acme-v02.api.letsencrypt.org/acme/authz-v3/346066003547:
{
  "protected": "eyJhbGciOiAiUlMyNTYiLCAia2lkIjogImh0dHBzOi8vYWNtZS12MDIuYXBpLmxldHNlbmNyeXB0Lm9yZy9hY21lL2FjY3QvMTcwNjIwMTQ3NyIsICJub25jZSI6ICJHeTRZTlc0cUhPSWx1NGc5Q0xiaXNFcVpQd0lGVDZWcC1kMXpfRTlPNTBVNy1yRFhLU00iLCAidXJsIjogImh0dHBzOi8vYWNtZS12MDIuYXBpLmxldHNlbmNyeXB0Lm9yZy9hY21lL2F1dGh6LXYzLzM0NjA2NjAwMzU0NyJ9",
  "signature": "AuyXvG3gZXNjt-OC267cKYZbwtwHQ1aLWuXage9htczEIbyX0VEjEsSunRNXOepp4nbp0ZLYvOxVPT60ocntLGA869m3hdr8xFlfq8HbFO1PWTeLvF35h0T0fLVuogZH43TVusFxlDObtyy5QnSjbLCEWKWQf9gYS0xJO9JZMPmO-L2N37Xmj_6U8SxMVZJES7q0LZfabdQ9-vvshBNmjOo79POhjnP7caUCNm-Shqds6dFqf9u_LM1ny0g0yCx-S3ABAQWfG9cX6Z-EUL9gqq551oJNomdisM7vixEWpGAyCOa092oOOJL2cwyVzdI3C0tnBIHstwEu_jWV3xInRg",
  "payload": ""
}
2024-05-03 06:04:54,317:DEBUG:urllib3.connectionpool:https://acme-v02.api.letsencrypt.org:443 "POST /acme/authz-v3/346066003547 HTTP/1.1" 200 1343
2024-05-03 06:04:54,318:DEBUG:acme.client:Received response:
HTTP 200
Server: nginx
Date: Fri, 03 May 2024 06:04:54 GMT
Content-Type: application/json
Content-Length: 1343
Connection: keep-alive
Boulder-Requester: 1706201477
Cache-Control: public, max-age=0, no-cache
Link: <https://acme-v02.api.letsencrypt.org/directory>;rel="index"
Replay-Nonce: R8tUGx_ZWWeJetfgrbeBmlwzOhzXvHhiw57ZPf2ZMgXNc9gfZfc
X-Frame-Options: DENY
Strict-Transport-Security: max-age=604800

{
  "identifier": {
    "type": "dns",
    "value": "le.azure.rentrahisi.co.ke"
  },
  "status": "valid",
  "expires": "2024-06-02T06:04:54Z",
  "challenges": [
    {
      "type": "http-01",
      "status": "valid",
      "url": "https://acme-v02.api.letsencrypt.org/acme/chall-v3/346066003547/nd8tbA",
      "token": "7Gcl42QRLePAVyBcq0zL-6Jr0ZU60ZN_RXExbMECDQU",
      "validationRecord": [
        {
          "url": "http://le.azure.rentrahisi.co.ke/.well-known/acme-challenge/7Gcl42QRLePAVyBcq0zL-6Jr0ZU60ZN_RXExbMECDQU",
          "hostname": "le.azure.rentrahisi.co.ke",
          "port": "80",
          "addressesResolved": [
            "20.33.10.69"
          ],
          "addressUsed": "20.33.10.69",
          "resolverAddrs": [
            "A:10.0.12.85:31867",
            "AAAA:10.0.12.84:27221"
          ]
        },
        {
          "url": "https://le.azure.rentrahisi.co.ke/.well-known/acme-challenge/7Gcl42QRLePAVyBcq0zL-6Jr0ZU60ZN_RXExbMECDQU",
          "hostname": "le.azure.rentrahisi.co.ke",
          "port": "443",
          "addressesResolved": [
            "20.33.10.69"
          ],
          "addressUsed": "20.33.10.69",
          "resolverAddrs": [
            "A:10.0.12.82:22757",
            "AAAA:10.0.12.81:27875"
          ]
        }
      ],
      "validated": "2024-05-03T06:04:49Z"
    }
  ]
}
2024-05-03 06:04:54,318:DEBUG:acme.client:Storing nonce: R8tUGx_ZWWeJetfgrbeBmlwzOhzXvHhiw57ZPf2ZMgXNc9gfZfc
2024-05-03 06:04:54,319:DEBUG:acme.client:JWS payload:
b''
2024-05-03 06:04:54,320:DEBUG:acme.client:Sending POST request to https://acme-v02.api.letsencrypt.org/acme/authz-v3/346066003557:
{
  "protected": "eyJhbGciOiAiUlMyNTYiLCAia2lkIjogImh0dHBzOi8vYWNtZS12MDIuYXBpLmxldHNlbmNyeXB0Lm9yZy9hY21lL2FjY3QvMTcwNjIwMTQ3NyIsICJub25jZSI6ICJSOHRVR3hfWldXZUpldGZncmJlQm1sd3pPaHpYdkhoaXc1N1pQZjJaTWdYTmM5Z2ZaZmMiLCAidXJsIjogImh0dHBzOi8vYWNtZS12MDIuYXBpLmxldHNlbmNyeXB0Lm9yZy9hY21lL2F1dGh6LXYzLzM0NjA2NjAwMzU1NyJ9",
  "signature": "Iy3KFPrMdiqfeFtEY73d1runO67gNh1EICDxQ2G-HzOi7bK_pU6l_f2prAEdcG_-Iv5RCT05qe10VH9nyv3yOs-p-hrkKjHSxaf8liTJ27RH-gxPLGwhbl5vr5COMaHJUP78cooVM7-QNSj3rpXWt2tTusan2z4hILGqv6z-OznKgwMYGrS_0dYaHXXqua_a3sVnxuIb6UpiUsSfII_EWcSS4PBeGShAYYiggVEDhOzLh1DIdGbrbcRTVzUSZPYS5IhkwxrPK9APegsrHoroxkQJmE--462H6Im93Utnxt9Uv7p6fQXT1eyZLtgekUVqJAgjPbMj_vvcnkKtELqk9w",
  "payload": ""
}
2024-05-03 06:04:54,605:DEBUG:urllib3.connectionpool:https://acme-v02.api.letsencrypt.org:443 "POST /acme/authz-v3/346066003557 HTTP/1.1" 200 1363
2024-05-03 06:04:54,605:DEBUG:acme.client:Received response:
HTTP 200
Server: nginx
Date: Fri, 03 May 2024 06:04:54 GMT
Content-Type: application/json
Content-Length: 1363
Connection: keep-alive
Boulder-Requester: 1706201477
Cache-Control: public, max-age=0, no-cache
Link: <https://acme-v02.api.letsencrypt.org/directory>;rel="index"
Replay-Nonce: Gy4YNW4qtf_myXPW8vCEVGkfWwWFEUIvCtPdX79QvUjyMOmfKtM
X-Frame-Options: DENY
Strict-Transport-Security: max-age=604800

{
  "identifier": {
    "type": "dns",
    "value": "www.le.azure.rentrahisi.co.ke"
  },
  "status": "valid",
  "expires": "2024-06-02T06:04:52Z",
  "challenges": [
    {
      "type": "http-01",
      "status": "valid",
      "url": "https://acme-v02.api.letsencrypt.org/acme/chall-v3/346066003557/3CyUBQ",
      "token": "msOgYqxJ9hDugmUAj4v89MP5YzC_l3k4rVtcHfydO1w",
      "validationRecord": [
        {
          "url": "http://www.le.azure.rentrahisi.co.ke/.well-known/acme-challenge/msOgYqxJ9hDugmUAj4v89MP5YzC_l3k4rVtcHfydO1w",
          "hostname": "www.le.azure.rentrahisi.co.ke",
          "port": "80",
          "addressesResolved": [
            "20.33.10.69"
          ],
          "addressUsed": "20.33.10.69",
          "resolverAddrs": [
            "A:10.0.12.83:26820",
            "AAAA:10.0.12.84:27221"
          ]
        },
        {
          "url": "https://www.le.azure.rentrahisi.co.ke/.well-known/acme-challenge/msOgYqxJ9hDugmUAj4v89MP5YzC_l3k4rVtcHfydO1w",
          "hostname": "www.le.azure.rentrahisi.co.ke",
          "port": "443",
          "addressesResolved": [
            "20.33.10.69"
          ],
          "addressUsed": "20.33.10.69",
          "resolverAddrs": [
            "A:10.0.12.85:21592",
            "AAAA:10.0.12.81:27875"
          ]
        }
      ],
      "validated": "2024-05-03T06:04:49Z"
    }
  ]
}
2024-05-03 06:04:54,606:DEBUG:acme.client:Storing nonce: Gy4YNW4qtf_myXPW8vCEVGkfWwWFEUIvCtPdX79QvUjyMOmfKtM
2024-05-03 06:04:54,606:DEBUG:certbot._internal.error_handler:Calling registered functions
2024-05-03 06:04:54,611:INFO:certbot._internal.auth_handler:Cleaning up challenges
2024-05-03 06:04:54,611:DEBUG:certbot._internal.plugins.webroot:Removing /data/letsencrypt/.well-known/acme-challenge/7Gcl42QRLePAVyBcq0zL-6Jr0ZU60ZN_RXExbMECDQU
2024-05-03 06:04:54,612:DEBUG:certbot._internal.plugins.webroot:Removing /data/letsencrypt/.well-known/acme-challenge/msOgYqxJ9hDugmUAj4v89MP5YzC_l3k4rVtcHfydO1w
2024-05-03 06:04:54,619:DEBUG:certbot._internal.plugins.webroot:All challenges cleaned up
2024-05-03 06:04:54,619:DEBUG:certbot._internal.client:CSR: CSR(file=None, data=b'-----BEGIN CERTIFICATE REQUEST-----\nMIIBEDCBuAIBADAAMFkwEwYHKoZIzj0CAQYIKoZIzj0DAQcDQgAE+oiDwWIGn8eh\nk5NRnPD8Jcr3K+M46MReX+5sPQbRFvSX2wPg3QIYsiXCIK37GlrW2xb0ZikjOI80\ntNUE1ELTb6BWMFQGCSqGSIb3DQEJDjFHMEUwQwYDVR0RBDwwOoIZbGUuYXp1cmUu\ncmVudHJhaGlzaS5jby5rZYIdd3d3LmxlLmF6dXJlLnJlbnRyYWhpc2kuY28ua2Uw\nCgYIKoZIzj0EAwIDRwAwRAIgHvNJm5KipQ5FgkmuI9uXcRBjX0OxdAfPo/MmkpB/\nX8sCIEaRJMX9RCfUlGbvw3JfztSienfCQYAzaUECQ50V0ucB\n-----END CERTIFICATE REQUEST-----\n', form='pem')
2024-05-03 06:04:54,619:DEBUG:certbot._internal.client:Will poll for certificate issuance until 2024-05-03 06:06:24.619970
2024-05-03 06:04:54,621:DEBUG:acme.client:JWS payload:
b'{\n  "csr": "MIIBEDCBuAIBADAAMFkwEwYHKoZIzj0CAQYIKoZIzj0DAQcDQgAE-oiDwWIGn8ehk5NRnPD8Jcr3K-M46MReX-5sPQbRFvSX2wPg3QIYsiXCIK37GlrW2xb0ZikjOI80tNUE1ELTb6BWMFQGCSqGSIb3DQEJDjFHMEUwQwYDVR0RBDwwOoIZbGUuYXp1cmUucmVudHJhaGlzaS5jby5rZYIdd3d3LmxlLmF6dXJlLnJlbnRyYWhpc2kuY28ua2UwCgYIKoZIzj0EAwIDRwAwRAIgHvNJm5KipQ5FgkmuI9uXcRBjX0OxdAfPo_MmkpB_X8sCIEaRJMX9RCfUlGbvw3JfztSienfCQYAzaUECQ50V0ucB"\n}'
2024-05-03 06:04:54,622:DEBUG:acme.client:Sending POST request to https://acme-v02.api.letsencrypt.org/acme/finalize/1706201477/266169507767:
{
  "protected": "eyJhbGciOiAiUlMyNTYiLCAia2lkIjogImh0dHBzOi8vYWNtZS12MDIuYXBpLmxldHNlbmNyeXB0Lm9yZy9hY21lL2FjY3QvMTcwNjIwMTQ3NyIsICJub25jZSI6ICJHeTRZTlc0cXRmX215WFBXOHZDRVZHa2ZXd1dGRVVJdkN0UGRYNzlRdlVqeU1PbWZLdE0iLCAidXJsIjogImh0dHBzOi8vYWNtZS12MDIuYXBpLmxldHNlbmNyeXB0Lm9yZy9hY21lL2ZpbmFsaXplLzE3MDYyMDE0NzcvMjY2MTY5NTA3NzY3In0",
  "signature": "V3wJd90uoC9UniIXAkj28iRorG5pRVYyN7Fna9weFNU1iZE9RHjipqlci3iteCtenSxe5oSeHFP-CaEUmER4FIl6SrPvgqoA5NRhwbvuCDLjm2YJ3hUISUsMeoT-UF83igLdJQ7wavPXSHPmORXarT_CJnZZo24z5oa3tPoLUlbPJhCFnASBLfurxrU9LkOo7gGU__tlKZ6IFA-R3cEiXOxWhar6Nw0GrNlh-d95rxIXbevv8YKfUXYKzmXInTBmPstXS9HbKJw7aGkTGqsEC_SQPqNY3nmSmTp4fXnkBtD_JuNfzBJj1B_0RHmmNOX0IXKT2kh2u257NWD2QE0iBg",
  "payload": "ewogICJjc3IiOiAiTUlJQkVEQ0J1QUlCQURBQU1Ga3dFd1lIS29aSXpqMENBUVlJS29aSXpqMERBUWNEUWdBRS1vaUR3V0lHbjhlaGs1TlJuUEQ4SmNyM0stTTQ2TVJlWC01c1BRYlJGdlNYMndQZzNRSVlzaVhDSUszN0dsclcyeGIwWmlrak9JODB0TlVFMUVMVGI2QldNRlFHQ1NxR1NJYjNEUUVKRGpGSE1FVXdRd1lEVlIwUkJEd3dPb0laYkdVdVlYcDFjbVV1Y21WdWRISmhhR2x6YVM1amJ5NXJaWUlkZDNkM0xteGxMbUY2ZFhKbExuSmxiblJ5WVdocGMya3VZMjh1YTJVd0NnWUlLb1pJemowRUF3SURSd0F3UkFJZ0h2TkptNUtpcFE1RmdrbXVJOXVYY1JCalgwT3hkQWZQb19NbWtwQl9YOHNDSUVhUkpNWDlSQ2ZVbEdidnczSmZ6dFNpZW5mQ1FZQXphVUVDUTUwVjB1Y0IiCn0"
}
2024-05-03 06:04:55,179:DEBUG:urllib3.connectionpool:https://acme-v02.api.letsencrypt.org:443 "POST /acme/finalize/1706201477/266169507767 HTTP/1.1" 200 605
2024-05-03 06:04:55,180:DEBUG:acme.client:Received response:
HTTP 200
Server: nginx
Date: Fri, 03 May 2024 06:04:55 GMT
Content-Type: application/json
Content-Length: 605
Connection: keep-alive
Boulder-Requester: 1706201477
Cache-Control: public, max-age=0, no-cache
Link: <https://acme-v02.api.letsencrypt.org/directory>;rel="index"
Location: https://acme-v02.api.letsencrypt.org/acme/order/1706201477/266169507767
Replay-Nonce: Gy4YNW4q5Y4cC2XCC4tO8onFSZDjPVMKe3Oq_tQ0KyQsjRF5WgQ
X-Frame-Options: DENY
Strict-Transport-Security: max-age=604800

{
  "status": "valid",
  "expires": "2024-05-10T06:04:48Z",
  "identifiers": [
    {
      "type": "dns",
      "value": "le.azure.rentrahisi.co.ke"
    },
    {
      "type": "dns",
      "value": "www.le.azure.rentrahisi.co.ke"
    }
  ],
  "authorizations": [
    "https://acme-v02.api.letsencrypt.org/acme/authz-v3/346066003547",
    "https://acme-v02.api.letsencrypt.org/acme/authz-v3/346066003557"
  ],
  "finalize": "https://acme-v02.api.letsencrypt.org/acme/finalize/1706201477/266169507767",
  "certificate": "https://acme-v02.api.letsencrypt.org/acme/cert/0382014ffc4a40e977499b2f4fb93f80054a"
}
2024-05-03 06:04:55,180:DEBUG:acme.client:Storing nonce: Gy4YNW4q5Y4cC2XCC4tO8onFSZDjPVMKe3Oq_tQ0KyQsjRF5WgQ
2024-05-03 06:04:56,180:DEBUG:acme.client:JWS payload:
b''
2024-05-03 06:04:56,182:DEBUG:acme.client:Sending POST request to https://acme-v02.api.letsencrypt.org/acme/order/1706201477/266169507767:
{
  "protected": "eyJhbGciOiAiUlMyNTYiLCAia2lkIjogImh0dHBzOi8vYWNtZS12MDIuYXBpLmxldHNlbmNyeXB0Lm9yZy9hY21lL2FjY3QvMTcwNjIwMTQ3NyIsICJub25jZSI6ICJHeTRZTlc0cTVZNGNDMlhDQzR0TzhvbkZTWkRqUFZNS2UzT3FfdFEwS3lRc2pSRjVXZ1EiLCAidXJsIjogImh0dHBzOi8vYWNtZS12MDIuYXBpLmxldHNlbmNyeXB0Lm9yZy9hY21lL29yZGVyLzE3MDYyMDE0NzcvMjY2MTY5NTA3NzY3In0",
  "signature": "EHuPXm7hJ3DwcgQKs8oZV9OmiR4CQM6SsizbtLjUnWH1ghf7wGIJc38UZmespVNqku0yiIjn-5FGX4mq3PDGZoyHEfTkslsCPFb3Kc4ieDWzXwT2LdTWIw8BUqoyYj8SJ8BAA7e4cChPUXOjPY-zFUqk0NOtd2fDN6n5TgawFCx7iQnYPDWXd51lAyRBSXVOvb7g3ArVZmSmg7COdJoG1YCI7QcyprLP93uu4k2u9ynccxSSM_ol5eA63ElxTdDMazrYVQ6gGma9qoYLNySiR4Qz_-4IsRie4aOsMqIB_DQIsaVn7KD9DkOK7NOZVjoqBg5Y_IDcVCpO49QRvXCmtw",
  "payload": ""
}
2024-05-03 06:04:56,466:DEBUG:urllib3.connectionpool:https://acme-v02.api.letsencrypt.org:443 "POST /acme/order/1706201477/266169507767 HTTP/1.1" 200 605
2024-05-03 06:04:56,467:DEBUG:acme.client:Received response:
HTTP 200
Server: nginx
Date: Fri, 03 May 2024 06:04:56 GMT
Content-Type: application/json
Content-Length: 605
Connection: keep-alive
Cache-Control: public, max-age=0, no-cache
Link: <https://acme-v02.api.letsencrypt.org/directory>;rel="index"
Replay-Nonce: Gy4YNW4q6wNW_8yUSJhsEEVfBMUmklbAJic-5z3T2MLq9s94xfo
X-Frame-Options: DENY
Strict-Transport-Security: max-age=604800

{
  "status": "valid",
  "expires": "2024-05-10T06:04:48Z",
  "identifiers": [
    {
      "type": "dns",
      "value": "le.azure.rentrahisi.co.ke"
    },
    {
      "type": "dns",
      "value": "www.le.azure.rentrahisi.co.ke"
    }
  ],
  "authorizations": [
    "https://acme-v02.api.letsencrypt.org/acme/authz-v3/346066003547",
    "https://acme-v02.api.letsencrypt.org/acme/authz-v3/346066003557"
  ],
  "finalize": "https://acme-v02.api.letsencrypt.org/acme/finalize/1706201477/266169507767",
  "certificate": "https://acme-v02.api.letsencrypt.org/acme/cert/0382014ffc4a40e977499b2f4fb93f80054a"
}
2024-05-03 06:04:56,468:DEBUG:acme.client:Storing nonce: Gy4YNW4q6wNW_8yUSJhsEEVfBMUmklbAJic-5z3T2MLq9s94xfo
2024-05-03 06:04:56,468:DEBUG:acme.client:JWS payload:
b''
2024-05-03 06:04:56,469:DEBUG:acme.client:Sending POST request to https://acme-v02.api.letsencrypt.org/acme/cert/0382014ffc4a40e977499b2f4fb93f80054a:
{
  "protected": "eyJhbGciOiAiUlMyNTYiLCAia2lkIjogImh0dHBzOi8vYWNtZS12MDIuYXBpLmxldHNlbmNyeXB0Lm9yZy9hY21lL2FjY3QvMTcwNjIwMTQ3NyIsICJub25jZSI6ICJHeTRZTlc0cTZ3TldfOHlVU0poc0VFVmZCTVVta2xiQUppYy01ejNUMk1McTlzOTR4Zm8iLCAidXJsIjogImh0dHBzOi8vYWNtZS12MDIuYXBpLmxldHNlbmNyeXB0Lm9yZy9hY21lL2NlcnQvMDM4MjAxNGZmYzRhNDBlOTc3NDk5YjJmNGZiOTNmODAwNTRhIn0",
  "signature": "V2bsoZykEJSfo3Az_Fr0Qo6M1qKplulhDDSYDuEwbHhkCPYm-sl3kdbKJIFI7nEn47Iyjp38tMili3hSes6d92vrEMl9tNzoicm6yKarpizxaj_20Jeq17ePczX-wtuBpjPi2g9pISby9wMQBqIIDjtsm1wlaYe45g4altCO9aObRJWED5JP9F8xbljgl-tk6BXrmYsmsVrZilX3uVLWvzXRcvDIYRpvkRZC_SuaY_NQIDkiRvOe2ZB_rFFtJaAz0Z3SZD7zDCDTR11K5jby4bImQ0lA2_OUP8lMRnajVnz7Xjd5ie31gaLKC2PDUdS_DxxWci1URc1PZ7Hv2hy3Eg",
  "payload": ""
}
2024-05-03 06:04:56,753:DEBUG:urllib3.connectionpool:https://acme-v02.api.letsencrypt.org:443 "POST /acme/cert/0382014ffc4a40e977499b2f4fb93f80054a HTTP/1.1" 200 3389
2024-05-03 06:04:56,753:DEBUG:acme.client:Received response:
HTTP 200
Server: nginx
Date: Fri, 03 May 2024 06:04:56 GMT
Content-Type: application/pem-certificate-chain
Content-Length: 3389
Connection: keep-alive
Cache-Control: public, max-age=0, no-cache
Link: <https://acme-v02.api.letsencrypt.org/directory>;rel="index", <https://acme-v02.api.letsencrypt.org/acme/cert/0382014ffc4a40e977499b2f4fb93f80054a/1>;rel="alternate"
Replay-Nonce: R8tUGx_ZhH4TV1iDNa1YMiIpQFfyCQW5O3JJIQ0X8oo5SJpf8P4
X-Frame-Options: DENY
Strict-Transport-Security: max-age=604800

-----BEGIN CERTIFICATE-----
MIIEVDCCAzygAwIBAgISA4IBT/xKQOl3SZsvT7k/gAVKMA0GCSqGSIb3DQEBCwUA
MDIxCzAJBgNVBAYTAlVTMRYwFAYDVQQKEw1MZXQncyBFbmNyeXB0MQswCQYDVQQD
EwJSMzAeFw0yNDA1MDMwNTA0NTRaFw0yNDA4MDEwNTA0NTNaMCQxIjAgBgNVBAMT
GWxlLmF6dXJlLnJlbnRyYWhpc2kuY28ua2UwWTATBgcqhkjOPQIBBggqhkjOPQMB
BwNCAAT6iIPBYgafx6GTk1Gc8Pwlyvcr4zjoxF5f7mw9BtEW9JfbA+DdAhiyJcIg
rfsaWtbbFvRmKSM4jzS01QTUQtNvo4ICOzCCAjcwDgYDVR0PAQH/BAQDAgeAMB0G
A1UdJQQWMBQGCCsGAQUFBwMBBggrBgEFBQcDAjAMBgNVHRMBAf8EAjAAMB0GA1Ud
DgQWBBSekfApGtia5BzqS2Z85Mbp1xBDgTAfBgNVHSMEGDAWgBQULrMXt1hWy65Q
CUDmH6+dixTCxjBVBggrBgEFBQcBAQRJMEcwIQYIKwYBBQUHMAGGFWh0dHA6Ly9y
My5vLmxlbmNyLm9yZzAiBggrBgEFBQcwAoYWaHR0cDovL3IzLmkubGVuY3Iub3Jn
LzBDBgNVHREEPDA6ghlsZS5henVyZS5yZW50cmFoaXNpLmNvLmtlgh13d3cubGUu
YXp1cmUucmVudHJhaGlzaS5jby5rZTATBgNVHSAEDDAKMAgGBmeBDAECATCCAQUG
CisGAQQB1nkCBAIEgfYEgfMA8QB2ABmYEHEJ8NZSLjCA0p4/ZLuDbijM+Q9Sju7f
zko/FrTKAAABjz0OPsIAAAQDAEcwRQIgFi3aUBSHjV4dbCJoF88HOQOb3Gu/ZyCH
Fy8uJryjb4gCIQDEqS/148yiC7HdWjsOY4W9uldpZ2qYIwAgNvBLcS4xegB3AHb/
iD8KtvuVUcJhzPWHujS0pM27KdxoQgqf5mdMWjp0AAABjz0OPwEAAAQDAEgwRgIh
ANQWBfbj7pr+3Pdm8euYqaohq8cgLIcTyyZ/mZnAhzEeAiEA5jOqRGvvUnMrSYRK
OghkhfOHdiq4ll7q/oVodsAOoxgwDQYJKoZIhvcNAQELBQADggEBAHrH9TTG/h7e
8qCFwkHGGd4eFDHptAWZ4N1phrDItXAU8FXaKGGARvoD6ItlPYOlijHCgvRG9U6X
XhSnxZQgoxndMTEZb6bJT13sC6MKX9uhDyrqnAxMYI33lXAOoUzzGTX9sejxL4PM
nxtcFXhy/fqxuAQ6kinlAd1+QMuopfk5AQDR4zubk7ewWgXCi91E/1vWGRZhLvw2
0irinde1CDN98WXea/v5/DKxJac+XTn9X7xs9Vvp2R4mUIi7Z+CgRKSBaKXrSBvI
L2qNvOcJlotZWYef/tWTJRf7wmyfeINPyCJ9hVQNSEca9xhps9eBkAAWkEPM+a3d
oz6RJE4zvUs=
-----END CERTIFICATE-----

-----BEGIN CERTIFICATE-----
MIIFFjCCAv6gAwIBAgIRAJErCErPDBinU/bWLiWnX1owDQYJKoZIhvcNAQELBQAw
TzELMAkGA1UEBhMCVVMxKTAnBgNVBAoTIEludGVybmV0IFNlY3VyaXR5IFJlc2Vh
cmNoIEdyb3VwMRUwEwYDVQQDEwxJU1JHIFJvb3QgWDEwHhcNMjAwOTA0MDAwMDAw
WhcNMjUwOTE1MTYwMDAwWjAyMQswCQYDVQQGEwJVUzEWMBQGA1UEChMNTGV0J3Mg
RW5jcnlwdDELMAkGA1UEAxMCUjMwggEiMA0GCSqGSIb3DQEBAQUAA4IBDwAwggEK
AoIBAQC7AhUozPaglNMPEuyNVZLD+ILxmaZ6QoinXSaqtSu5xUyxr45r+XXIo9cP
R5QUVTVXjJ6oojkZ9YI8QqlObvU7wy7bjcCwXPNZOOftz2nwWgsbvsCUJCWH+jdx
sxPnHKzhm+/b5DtFUkWWqcFTzjTIUu61ru2P3mBw4qVUq7ZtDpelQDRrK9O8Zutm
NHz6a4uPVymZ+DAXXbpyb/uBxa3Shlg9F8fnCbvxK/eG3MHacV3URuPMrSXBiLxg
Z3Vms/EY96Jc5lP/Ooi2R6X/ExjqmAl3P51T+c8B5fWmcBcUr2Ok/5mzk53cU6cG
/kiFHaFpriV1uxPMUgP17VGhi9sVAgMBAAGjggEIMIIBBDAOBgNVHQ8BAf8EBAMC
AYYwHQYDVR0lBBYwFAYIKwYBBQUHAwIGCCsGAQUFBwMBMBIGA1UdEwEB/wQIMAYB
Af8CAQAwHQYDVR0OBBYEFBQusxe3WFbLrlAJQOYfr52LFMLGMB8GA1UdIwQYMBaA
FHm0WeZ7tuXkAXOACIjIGlj26ZtuMDIGCCsGAQUFBwEBBCYwJDAiBggrBgEFBQcw
AoYWaHR0cDovL3gxLmkubGVuY3Iub3JnLzAnBgNVHR8EIDAeMBygGqAYhhZodHRw
Oi8veDEuYy5sZW5jci5vcmcvMCIGA1UdIAQbMBkwCAYGZ4EMAQIBMA0GCysGAQQB
gt8TAQEBMA0GCSqGSIb3DQEBCwUAA4ICAQCFyk5HPqP3hUSFvNVneLKYY611TR6W
PTNlclQtgaDqw+34IL9fzLdwALduO/ZelN7kIJ+m74uyA+eitRY8kc607TkC53wl
ikfmZW4/RvTZ8M6UK+5UzhK8jCdLuMGYL6KvzXGRSgi3yLgjewQtCPkIVz6D2QQz
CkcheAmCJ8MqyJu5zlzyZMjAvnnAT45tRAxekrsu94sQ4egdRCnbWSDtY7kh+BIm
lJNXoB1lBMEKIq4QDUOXoRgffuDghje1WrG9ML+Hbisq/yFOGwXD9RiX8F6sw6W4
avAuvDszue5L3sz85K+EC4Y/wFVDNvZo4TYXao6Z0f+lQKc0t8DQYzk1OXVu8rp2
yJMC6alLbBfODALZvYH7n7do1AZls4I9d1P4jnkDrQoxB3UqQ9hVl3LEKQ73xF1O
yK5GhDDX8oVfGKF5u+decIsH4YaTw7mP3GFxJSqv3+0lUFJoi5Lc5da149p90Ids
hCExroL1+7mryIkXPeFM5TgO9r0rvZaBFOvV2z0gp35Z0+L4WPlbuEjN/lxPFin+
HlUjr8gRsI3qfJOQFy/9rKIJR0Y/8Omwt/8oTWgy1mdeHmmjk7j1nYsvC9JSQ6Zv
MldlTTKB3zhThV1+XWYp6rjd5JW1zbVWEkLNxE7GJThEUG3szgBVGP7pSWTUTsqX
nLRbwHOoq7hHwg==
-----END CERTIFICATE-----

2024-05-03 06:04:56,753:DEBUG:acme.client:Storing nonce: R8tUGx_ZhH4TV1iDNa1YMiIpQFfyCQW5O3JJIQ0X8oo5SJpf8P4
2024-05-03 06:04:56,755:DEBUG:certbot._internal.storage:Writing new private key to /etc/letsencrypt/archive/le.azure.rentrahisi.co.ke/privkey2.pem.
2024-05-03 06:04:56,756:DEBUG:certbot._internal.storage:Writing certificate to /etc/letsencrypt/archive/le.azure.rentrahisi.co.ke/cert2.pem.
2024-05-03 06:04:56,756:DEBUG:certbot._internal.storage:Writing chain to /etc/letsencrypt/archive/le.azure.rentrahisi.co.ke/chain2.pem.
2024-05-03 06:04:56,756:DEBUG:certbot._internal.storage:Writing full chain to /etc/letsencrypt/archive/le.azure.rentrahisi.co.ke/fullchain2.pem.
2024-05-03 06:04:56,763:DEBUG:certbot.configuration:Var account=ebda5dcbd2d0ed4fc885c13a049435b8 (set by user).
2024-05-03 06:04:56,763:DEBUG:certbot._internal.plugins.selection:Requested authenticator webroot and installer None
2024-05-03 06:04:56,764:DEBUG:certbot._internal.plugins.selection:Requested authenticator webroot and installer None
2024-05-03 06:04:56,764:DEBUG:certbot.configuration:Var webroot_path=['/data/letsencrypt'] (set by user).
2024-05-03 06:04:56,764:DEBUG:certbot.configuration:Var webroot_map={'le.azure.rentrahisi.co.ke': '/data/letsencrypt', 'www.le.azure.rentrahisi.co.ke': '/data/letsencrypt'} (set by user).
2024-05-03 06:04:56,765:DEBUG:certbot._internal.storage:Writing new config /etc/letsencrypt/renewal/le.azure.rentrahisi.co.ke.conf.new.
2024-05-03 06:04:56,769:DEBUG:certbot._internal.display.obj:Notifying user: 
Successfully received certificate.
Certificate is saved at: /etc/letsencrypt/live/le.azure.rentrahisi.co.ke/fullchain.pem
Key is saved at:         /etc/letsencrypt/live/le.azure.rentrahisi.co.ke/privkey.pem
This certificate expires on 2024-08-01.
These files will be updated when the certificate renews.
2024-05-03 06:04:56,773:DEBUG:certbot._internal.display.obj:Notifying user: NEXT STEPS:
2024-05-03 06:04:56,774:DEBUG:certbot._internal.display.obj:Notifying user: - The certificate will need to be renewed before it expires. Certbot can automatically renew the certificate in the background, but you may need to take steps to enable that functionality. See https://certbot.org/renewal-setup for instructions.
2024-05-03 06:04:56,779:DEBUG:certbot._internal.display.obj:Notifying user: If you like Certbot, please consider supporting our work by:
 * Donating to ISRG / Let's Encrypt:   https://letsencrypt.org/donate
 * Donating to EFF:                    https://eff.org/donate-le
